[debug] [2025-11-06T03:05:08.295Z] ----------------------------------------------------------------------
[debug] [2025-11-06T03:05:08.297Z] Command:       /usr/bin/node /home/jope/.npm-global/bin/firebase init
[debug] [2025-11-06T03:05:08.297Z] CLI Version:   14.24.0
[debug] [2025-11-06T03:05:08.297Z] Platform:      linux
[debug] [2025-11-06T03:05:08.297Z] Node Version:  v20.18.1
[debug] [2025-11-06T03:05:08.297Z] Time:          Thu Nov 06 2025 05:05:08 GMT+0200 (Eastern European Standard Time)
[debug] [2025-11-06T03:05:08.297Z] ----------------------------------------------------------------------
[debug] 
[info] 
     ######## #### ########  ######## ########     ###     ######  ########
     ##        ##  ##     ## ##       ##     ##  ##   ##  ##       ##
     ######    ##  ########  ######   ########  #########  ######  ######
     ##        ##  ##    ##  ##       ##     ## ##     ##       ## ##
     ##       #### ##     ## ######## ########  ##     ##  ######  ########

You're about to initialize a Firebase project in this directory:

  /home/jope/Projects/RuneboundMagic

[info] 
=== Project Setup
[info] 
[info] First, let's associate this project directory with a Firebase project.
[info] You can create multiple project aliases by running firebase use --add, 
[info] 
[debug] [2025-11-06T03:05:49.530Z] > command requires scopes: ["email","openid","https://www.googleapis.com/auth/cloudplatformprojects.readonly","https://www.googleapis.com/auth/firebase","https://www.googleapis.com/auth/cloud-platform"]
[debug] [2025-11-06T03:05:49.531Z] > authorizing via signed-in user (ioannapergamali@gmail.com)
[debug] [2025-11-06T03:05:49.532Z] Checked if tokens are valid: true, expires at: 1762401882091
[debug] [2025-11-06T03:05:49.532Z] Checked if tokens are valid: true, expires at: 1762401882091
[debug] [2025-11-06T03:05:49.533Z] >>> [apiv2][query] GET https://firebase.googleapis.com/v1beta1/projects pageSize=100
[debug] [2025-11-06T03:05:50.296Z] <<< [apiv2][status] GET https://firebase.googleapis.com/v1beta1/projects 200
[debug] [2025-11-06T03:05:50.296Z] <<< [apiv2][body] GET https://firebase.googleapis.com/v1beta1/projects [omitted]
[info] 
=== Dataconnect Setup
[debug] [2025-11-06T03:05:57.919Z] Checked if tokens are valid: true, expires at: 1762401882091
[debug] [2025-11-06T03:05:57.919Z] Checked if tokens are valid: true, expires at: 1762401882091
[debug] [2025-11-06T03:05:57.919Z] >>> [apiv2][query] GET https://cloudbilling.googleapis.com/v1/projects/mysmartroute-26a64/billingInfo [none]
[debug] [2025-11-06T03:05:58.996Z] <<< [apiv2][status] GET https://cloudbilling.googleapis.com/v1/projects/mysmartroute-26a64/billingInfo 200
[debug] [2025-11-06T03:05:58.996Z] <<< [apiv2][body] GET https://cloudbilling.googleapis.com/v1/projects/mysmartroute-26a64/billingInfo {"name":"projects/mysmartroute-26a64/billingInfo","projectId":"mysmartroute-26a64","billingAccountName":"billingAccounts/014964-932FC3-E37F9D","billingEnabled":true}
[info] i  dataconnect: ensuring required API firebasedataconnect.googleapis.com is enabled... 
[debug] [2025-11-06T03:05:58.997Z] Checked if tokens are valid: true, expires at: 1762401882091
[debug] [2025-11-06T03:05:58.997Z] Checked if tokens are valid: true, expires at: 1762401882091
[info] i  dataconnect: ensuring required API sqladmin.googleapis.com is enabled... 
[debug] [2025-11-06T03:05:58.997Z] Checked if tokens are valid: true, expires at: 1762401882091
[debug] [2025-11-06T03:05:58.997Z] Checked if tokens are valid: true, expires at: 1762401882091
[debug] [2025-11-06T03:05:58.997Z] >>> [apiv2][query] GET https://serviceusage.googleapis.com/v1/projects/mysmartroute-26a64/services/firebasedataconnect.googleapis.com [none]
[debug] [2025-11-06T03:05:58.997Z] >>> [apiv2][(partial)header] GET https://serviceusage.googleapis.com/v1/projects/mysmartroute-26a64/services/firebasedataconnect.googleapis.com x-goog-quota-user=projects/mysmartroute-26a64
[debug] [2025-11-06T03:05:58.998Z] >>> [apiv2][query] GET https://serviceusage.googleapis.com/v1/projects/mysmartroute-26a64/services/sqladmin.googleapis.com [none]
[debug] [2025-11-06T03:05:58.998Z] >>> [apiv2][(partial)header] GET https://serviceusage.googleapis.com/v1/projects/mysmartroute-26a64/services/sqladmin.googleapis.com x-goog-quota-user=projects/mysmartroute-26a64
[debug] [2025-11-06T03:06:00.294Z] <<< [apiv2][status] GET https://serviceusage.googleapis.com/v1/projects/mysmartroute-26a64/services/sqladmin.googleapis.com 200
[debug] [2025-11-06T03:06:00.294Z] <<< [apiv2][body] GET https://serviceusage.googleapis.com/v1/projects/mysmartroute-26a64/services/sqladmin.googleapis.com [omitted]
[warn] ⚠  dataconnect: missing required API sqladmin.googleapis.com. Enabling now... 
[debug] [2025-11-06T03:06:00.294Z] Checked if tokens are valid: true, expires at: 1762401882091
[debug] [2025-11-06T03:06:00.294Z] Checked if tokens are valid: true, expires at: 1762401882091
[debug] [2025-11-06T03:06:00.295Z] >>> [apiv2][query] POST https://serviceusage.googleapis.com/v1/projects/mysmartroute-26a64/services/sqladmin.googleapis.com:enable [none]
[debug] [2025-11-06T03:06:00.295Z] >>> [apiv2][(partial)header] POST https://serviceusage.googleapis.com/v1/projects/mysmartroute-26a64/services/sqladmin.googleapis.com:enable x-goog-quota-user=projects/mysmartroute-26a64
[debug] [2025-11-06T03:06:00.351Z] <<< [apiv2][status] GET https://serviceusage.googleapis.com/v1/projects/mysmartroute-26a64/services/firebasedataconnect.googleapis.com 200
[debug] [2025-11-06T03:06:00.351Z] <<< [apiv2][body] GET https://serviceusage.googleapis.com/v1/projects/mysmartroute-26a64/services/firebasedataconnect.googleapis.com [omitted]
[warn] ⚠  dataconnect: missing required API firebasedataconnect.googleapis.com. Enabling now... 
[debug] [2025-11-06T03:06:00.351Z] Checked if tokens are valid: true, expires at: 1762401882091
[debug] [2025-11-06T03:06:00.351Z] Checked if tokens are valid: true, expires at: 1762401882091
[debug] [2025-11-06T03:06:00.352Z] >>> [apiv2][query] POST https://serviceusage.googleapis.com/v1/projects/mysmartroute-26a64/services/firebasedataconnect.googleapis.com:enable [none]
[debug] [2025-11-06T03:06:00.352Z] >>> [apiv2][(partial)header] POST https://serviceusage.googleapis.com/v1/projects/mysmartroute-26a64/services/firebasedataconnect.googleapis.com:enable x-goog-quota-user=projects/mysmartroute-26a64
[debug] [2025-11-06T03:06:01.090Z] <<< [apiv2][status] POST https://serviceusage.googleapis.com/v1/projects/mysmartroute-26a64/services/sqladmin.googleapis.com:enable 200
[debug] [2025-11-06T03:06:01.090Z] <<< [apiv2][body] POST https://serviceusage.googleapis.com/v1/projects/mysmartroute-26a64/services/sqladmin.googleapis.com:enable [omitted]
[debug] [2025-11-06T03:06:01.781Z] <<< [apiv2][status] POST https://serviceusage.googleapis.com/v1/projects/mysmartroute-26a64/services/firebasedataconnect.googleapis.com:enable 200
[debug] [2025-11-06T03:06:01.782Z] <<< [apiv2][body] POST https://serviceusage.googleapis.com/v1/projects/mysmartroute-26a64/services/firebasedataconnect.googleapis.com:enable [omitted]
[debug] [2025-11-06T03:06:11.793Z] Checked if tokens are valid: true, expires at: 1762401882091
[debug] [2025-11-06T03:06:11.793Z] Checked if tokens are valid: true, expires at: 1762401882091
[debug] [2025-11-06T03:06:11.793Z] >>> [apiv2][query] GET https://firebasedataconnect.googleapis.com/v1/projects/mysmartroute-26a64/locations/-/services [none]
[debug] [2025-11-06T03:06:13.381Z] <<< [apiv2][status] GET https://firebasedataconnect.googleapis.com/v1/projects/mysmartroute-26a64/locations/-/services 200
[debug] [2025-11-06T03:06:13.381Z] <<< [apiv2][body] GET https://firebasedataconnect.googleapis.com/v1/projects/mysmartroute-26a64/locations/-/services {}
[debug] [2025-11-06T03:06:13.383Z] Checked if tokens are valid: true, expires at: 1762401882091
[debug] [2025-11-06T03:06:13.383Z] Checked if tokens are valid: true, expires at: 1762401882091
[debug] [2025-11-06T03:06:13.383Z] >>> [apiv2][query] GET https://sqladmin.googleapis.com/v1/projects/mysmartroute-26a64/instances [none]
[debug] [2025-11-06T03:06:14.269Z] <<< [apiv2][status] GET https://sqladmin.googleapis.com/v1/projects/mysmartroute-26a64/instances 200
[debug] [2025-11-06T03:06:14.270Z] <<< [apiv2][body] GET https://sqladmin.googleapis.com/v1/projects/mysmartroute-26a64/instances {}
[debug] [2025-11-06T03:06:14.270Z] Checked if tokens are valid: true, expires at: 1762401882091
[debug] [2025-11-06T03:06:14.270Z] Checked if tokens are valid: true, expires at: 1762401882091
[debug] [2025-11-06T03:06:14.270Z] >>> [apiv2][query] GET https://firebasedataconnect.googleapis.com/v1/projects/mysmartroute-26a64/locations [none]
[debug] [2025-11-06T03:06:14.584Z] <<< [apiv2][status] GET https://firebasedataconnect.googleapis.com/v1/projects/mysmartroute-26a64/locations 200
[debug] [2025-11-06T03:06:14.584Z] <<< [apiv2][body] GET https://firebasedataconnect.googleapis.com/v1/projects/mysmartroute-26a64/locations {"locations":[{"name":"projects/mysmartroute-26a64/locations/asia-east1","locationId":"asia-east1","displayName":"Taiwan"},{"name":"projects/mysmartroute-26a64/locations/asia-east2","locationId":"asia-east2","displayName":"Hong Kong"},{"name":"projects/mysmartroute-26a64/locations/asia-northeast1","locationId":"asia-northeast1","displayName":"Tokyo"},{"name":"projects/mysmartroute-26a64/locations/asia-northeast2","locationId":"asia-northeast2","displayName":"Osaka"},{"name":"projects/mysmartroute-26a64/locations/asia-northeast3","locationId":"asia-northeast3","displayName":"Seoul"},{"name":"projects/mysmartroute-26a64/locations/asia-south1","locationId":"asia-south1","displayName":"Mumbai"},{"name":"projects/mysmartroute-26a64/locations/asia-southeast1","locationId":"asia-southeast1","displayName":"Singapore"},{"name":"projects/mysmartroute-26a64/locations/asia-southeast2","locationId":"asia-southeast2","displayName":"Jakarta"},{"name":"projects/mysmartroute-26a64/locations/australia-southeast1","locationId":"australia-southeast1","displayName":"Sydney"},{"name":"projects/mysmartroute-26a64/locations/australia-southeast2","locationId":"australia-southeast2","displayName":"Melbourne"},{"name":"projects/mysmartroute-26a64/locations/europe-central2","locationId":"europe-central2","displayName":"Warsaw"},{"name":"projects/mysmartroute-26a64/locations/europe-north1","locationId":"europe-north1","displayName":"Finland"},{"name":"projects/mysmartroute-26a64/locations/europe-southwest1","locationId":"europe-southwest1","displayName":"Madrid"},{"name":"projects/mysmartroute-26a64/locations/europe-west1","locationId":"europe-west1","displayName":"Belgium"},{"name":"projects/mysmartroute-26a64/locations/europe-west2","locationId":"europe-west2","displayName":"London"},{"name":"projects/mysmartroute-26a64/locations/europe-west3","locationId":"europe-west3","displayName":"Frankfurt"},{"name":"projects/mysmartroute-26a64/locations/europe-west4","locationId":"europe-west4","displayName":"Netherlands"},{"name":"projects/mysmartroute-26a64/locations/europe-west6","locationId":"europe-west6","displayName":"Zurich"},{"name":"projects/mysmartroute-26a64/locations/europe-west8","locationId":"europe-west8","displayName":"Milan"},{"name":"projects/mysmartroute-26a64/locations/europe-west9","locationId":"europe-west9","displayName":"Paris"},{"name":"projects/mysmartroute-26a64/locations/me-west1","locationId":"me-west1","displayName":"Tel Aviv"},{"name":"projects/mysmartroute-26a64/locations/northamerica-northeast1","locationId":"northamerica-northeast1","displayName":"Montréal"},{"name":"projects/mysmartroute-26a64/locations/northamerica-northeast2","locationId":"northamerica-northeast2","displayName":"Toronto"},{"name":"projects/mysmartroute-26a64/locations/southamerica-east1","locationId":"southamerica-east1","displayName":"São Paulo"},{"name":"projects/mysmartroute-26a64/locations/southamerica-west1","locationId":"southamerica-west1","displayName":"Santiago"},{"name":"projects/mysmartroute-26a64/locations/us-central1","locationId":"us-central1","displayName":"Iowa"},{"name":"projects/mysmartroute-26a64/locations/us-east1","locationId":"us-east1","displayName":"South Carolina"},{"name":"projects/mysmartroute-26a64/locations/us-east4","locationId":"us-east4","displayName":"Northern Virginia"},{"name":"projects/mysmartroute-26a64/locations/us-south1","locationId":"us-south1","displayName":"Dallas"},{"name":"projects/mysmartroute-26a64/locations/us-west1","locationId":"us-west1","displayName":"Oregon"},{"name":"projects/mysmartroute-26a64/locations/us-west2","locationId":"us-west2","displayName":"Los Angeles"},{"name":"projects/mysmartroute-26a64/locations/us-west3","locationId":"us-west3","displayName":"Salt Lake City"},{"name":"projects/mysmartroute-26a64/locations/us-west4","locationId":"us-west4","displayName":"Las Vegas"}]}
[warn] ⚠  dataconnect: Cannot detect an existing app in the current directory. 
[info] i  dataconnect: > npx create-next-app@latest web-app --ts --eslint --tailwind --src-dir --app --turbopack --import-alias "@/*" --skip-install 
[debug] [2025-11-06T03:06:44.135Z] Checked if tokens are valid: true, expires at: 1762401882091
[debug] [2025-11-06T03:06:44.135Z] Checked if tokens are valid: true, expires at: 1762401882091
[debug] [2025-11-06T03:06:44.135Z] >>> [apiv2][query] GET https://sqladmin.googleapis.com/v1/projects/mysmartroute-26a64/instances/runeboundmagic-fdc [none]
[debug] [2025-11-06T03:06:44.695Z] <<< [apiv2][status] GET https://sqladmin.googleapis.com/v1/projects/mysmartroute-26a64/instances/runeboundmagic-fdc 404
[debug] [2025-11-06T03:06:44.695Z] <<< [apiv2][body] GET https://sqladmin.googleapis.com/v1/projects/mysmartroute-26a64/instances/runeboundmagic-fdc {"error":{"code":404,"message":"The Cloud SQL instance does not exist.","errors":[{"message":"The Cloud SQL instance does not exist.","domain":"global","reason":"instanceDoesNotExist"}]}}
[debug] [2025-11-06T03:06:44.696Z] Checked if tokens are valid: true, expires at: 1762401882091
[debug] [2025-11-06T03:06:44.696Z] Checked if tokens are valid: true, expires at: 1762401882091
[debug] [2025-11-06T03:06:44.696Z] >>> [apiv2][query] GET https://monitoring.googleapis.com/v3/projects/mysmartroute-26a64/timeSeries/ filter=metric.type%3D%22serviceruntime.googleapis.com%2Fquota%2Fallocation%2Fusage%22+AND+metric.label.quota_metric+%3D+%22sqladmin.googleapis.com%2Ffdc_lifetime_free_trial_per_project%22&interval.endTime=2025-11-06T03%3A06%3A44.695Z&interval.startTime=2025-10-30T03%3A06%3A44.695Z
[debug] [2025-11-06T03:06:45.970Z] <<< [apiv2][status] GET https://monitoring.googleapis.com/v3/projects/mysmartroute-26a64/timeSeries/ 200
[debug] [2025-11-06T03:06:45.970Z] <<< [apiv2][body] GET https://monitoring.googleapis.com/v3/projects/mysmartroute-26a64/timeSeries/ {"unit":"1"}
[info] ✔  dataconnect: CloudSQL no cost trial available! 
[debug] [2025-11-06T03:06:45.971Z] Checked if tokens are valid: true, expires at: 1762401882091
[debug] [2025-11-06T03:06:45.971Z] Checked if tokens are valid: true, expires at: 1762401882091
[debug] [2025-11-06T03:06:45.971Z] >>> [apiv2][query] POST https://sqladmin.googleapis.com/v1/projects/mysmartroute-26a64/instances [none]
[debug] [2025-11-06T03:06:45.971Z] >>> [apiv2][body] POST https://sqladmin.googleapis.com/v1/projects/mysmartroute-26a64/instances {"name":"runeboundmagic-fdc","region":"us-east4","databaseVersion":"POSTGRES_15","settings":{"tier":"db-f1-micro","edition":"ENTERPRISE","ipConfiguration":{"authorizedNetworks":[]},"enableGoogleMlIntegration":false,"databaseFlags":[{"name":"cloudsql.iam_authentication","value":"on"}],"storageAutoResize":false,"userLabels":{"firebase-data-connect":"ft"},"insightsConfig":{"queryInsightsEnabled":true,"queryPlansPerMinute":5,"queryStringLength":1024}}}
[debug] [2025-11-06T03:06:48.602Z] <<< [apiv2][status] POST https://sqladmin.googleapis.com/v1/projects/mysmartroute-26a64/instances 200
[debug] [2025-11-06T03:06:48.602Z] <<< [apiv2][body] POST https://sqladmin.googleapis.com/v1/projects/mysmartroute-26a64/instances {"kind":"sql#operation","targetLink":"https://sqladmin.googleapis.com/v1/projects/mysmartroute-26a64/instances/runeboundmagic-fdc","status":"PENDING","user":"ioannapergamali@gmail.com","insertTime":"2025-11-06T03:06:48.417Z","operationType":"CREATE","name":"0810229b-711d-4c8f-b9a8-93d30000002c","targetId":"runeboundmagic-fdc","selfLink":"https://sqladmin.googleapis.com/v1/projects/mysmartroute-26a64/operations/0810229b-711d-4c8f-b9a8-93d30000002c","targetProject":"mysmartroute-26a64"}
[info] i  dataconnect: Cloud SQL Instance runeboundmagic-fdc is being created.
This instance is provided under the terms of the Data Connect no-cost trial https://firebase.google.com/pricing
   Meanwhile, your data are saved in a temporary database and will be migrated once complete. Monitor its progress at

   https://console.cloud.google.com/sql/instances/runeboundmagic-fdc/overview?project=mysmartroute-26a64
 
[debug] [2025-11-06T03:06:48.604Z] Checked if tokens are valid: true, expires at: 1762401882091
[debug] [2025-11-06T03:06:48.604Z] Checked if tokens are valid: true, expires at: 1762401882091
[debug] [2025-11-06T03:06:48.604Z] >>> [apiv2][query] GET https://firebasedataconnect.googleapis.com/v1/projects/mysmartroute-26a64/locations/us-east4/services/runeboundmagic/schemas/main [none]
[debug] [2025-11-06T03:06:49.631Z] <<< [apiv2][status] GET https://firebasedataconnect.googleapis.com/v1/projects/mysmartroute-26a64/locations/us-east4/services/runeboundmagic/schemas/main 404
[debug] [2025-11-06T03:06:49.631Z] <<< [apiv2][body] GET https://firebasedataconnect.googleapis.com/v1/projects/mysmartroute-26a64/locations/us-east4/services/runeboundmagic/schemas/main {"error":{"code":404,"message":"Resource 'projects/mysmartroute-26a64/locations/us-east4/services/runeboundmagic/schemas/main' was not found","status":"NOT_FOUND","details":[{"@type":"type.googleapis.com/google.rpc.ResourceInfo","resourceName":"projects/mysmartroute-26a64/locations/us-east4/services/runeboundmagic/schemas/main"}]}}
[info] ✔  Wrote dataconnect/dataconnect.yaml 
[info] ✔  Wrote dataconnect/seed_data.gql 
[info] ✔  Wrote dataconnect/schema/schema.gql 
[info] ✔  Wrote dataconnect/example/connector.yaml 
[info] ✔  Wrote dataconnect/example/queries.gql 
[info] ✔  Wrote dataconnect/example/mutations.gql 
[info] ✔  Wrote dataconnect/example/connector.yaml 
[info] i  dataconnect: Installing the generated SDKs ... 
[info] i  dataconnect: downloading dataconnect-emulator-2.17.0... {"metadata":{"emulator":{"name":"dataconnect"},"message":"downloading dataconnect-emulator-2.17.0..."}}
[debug] [2025-11-06T03:06:49.655Z] >>> [apiv2][query] GET https://storage.googleapis.com/firemat-preview-drop/emulator/dataconnect-emulator-linux-amd64-v2.17.0 
[debug] [2025-11-06T03:06:50.247Z] <<< [apiv2][status] GET https://storage.googleapis.com/firemat-preview-drop/emulator/dataconnect-emulator-linux-amd64-v2.17.0 200
[debug] [2025-11-06T03:06:50.247Z] <<< [apiv2][body] GET https://storage.googleapis.com/firemat-preview-drop/emulator/dataconnect-emulator-linux-amd64-v2.17.0 [stream]
[debug] [2025-11-06T03:07:05.042Z] defaultcredentials: writing to file /home/jope/.config/firebase/ioannapergamali_gmail_com_application_default_credentials.json
[info] ✔  dataconnect: Installed generated SDKs for web-app (web) 
[info] i  Visit https://firebase.google.com/docs/data-connect/web-sdk#react for more information on how to set up React Generated SDKs for Firebase Data Connect 
[info] 
=== Firestore Setup
[info] i  firestore: ensuring required API firestore.googleapis.com is enabled... 
[debug] [2025-11-06T03:09:24.833Z] Checked if tokens are valid: true, expires at: 1762401882091
[debug] [2025-11-06T03:09:24.833Z] Checked if tokens are valid: true, expires at: 1762401882091
[debug] [2025-11-06T03:09:24.833Z] >>> [apiv2][query] GET https://serviceusage.googleapis.com/v1/projects/mysmartroute-26a64/services/firestore.googleapis.com [none]
[debug] [2025-11-06T03:09:24.833Z] >>> [apiv2][(partial)header] GET https://serviceusage.googleapis.com/v1/projects/mysmartroute-26a64/services/firestore.googleapis.com x-goog-quota-user=projects/mysmartroute-26a64
[debug] [2025-11-06T03:09:26.466Z] <<< [apiv2][status] GET https://serviceusage.googleapis.com/v1/projects/mysmartroute-26a64/services/firestore.googleapis.com 200
[debug] [2025-11-06T03:09:26.466Z] <<< [apiv2][body] GET https://serviceusage.googleapis.com/v1/projects/mysmartroute-26a64/services/firestore.googleapis.com [omitted]
[info] ✔  firestore: required API firestore.googleapis.com is enabled 
[debug] [2025-11-06T03:09:26.476Z] Checked if tokens are valid: true, expires at: 1762401882091
[debug] [2025-11-06T03:09:26.476Z] Checked if tokens are valid: true, expires at: 1762401882091
[debug] [2025-11-06T03:09:26.476Z] >>> [apiv2][query] GET https://firestore.googleapis.com/v1/projects/mysmartroute-26a64/databases [none]
[debug] [2025-11-06T03:09:27.389Z] <<< [apiv2][status] GET https://firestore.googleapis.com/v1/projects/mysmartroute-26a64/databases 200
[debug] [2025-11-06T03:09:27.389Z] <<< [apiv2][body] GET https://firestore.googleapis.com/v1/projects/mysmartroute-26a64/databases {"databases":[{"name":"projects/mysmartroute-26a64/databases/(default)","uid":"2c378aae-00e9-41f2-a737-218bfd11ae04","createTime":"2025-05-25T14:05:22.100721Z","updateTime":"2025-05-25T14:05:22.100721Z","locationId":"eur3","type":"FIRESTORE_NATIVE","concurrencyMode":"PESSIMISTIC","versionRetentionPeriod":"3600s","earliestVersionTime":"2025-11-06T02:09:27.363519Z","appEngineIntegrationMode":"DISABLED","keyPrefix":"e","pointInTimeRecoveryEnablement":"POINT_IN_TIME_RECOVERY_DISABLED","deleteProtectionState":"DELETE_PROTECTION_DISABLED","databaseEdition":"STANDARD","freeTier":true,"realtimeUpdatesMode":"REALTIME_UPDATES_MODE_ENABLED","etag":"IM77p6TG3JADMILi6IKZ940D"}]}
[info] 
[info] Firestore Security Rules allow you to define how and when to allow
[info] requests. You can keep these rules in your project directory
[info] and publish them with firebase deploy.
[info] 
[debug] [2025-11-06T03:09:27.393Z] Checked if tokens are valid: true, expires at: 1762401882091
[debug] [2025-11-06T03:09:27.393Z] Checked if tokens are valid: true, expires at: 1762401882091
[debug] [2025-11-06T03:09:27.393Z] >>> [apiv2][query] GET https://firebaserules.googleapis.com/v1/projects/mysmartroute-26a64/releases pageSize=10&pageToken=
[debug] [2025-11-06T03:09:28.406Z] <<< [apiv2][status] GET https://firebaserules.googleapis.com/v1/projects/mysmartroute-26a64/releases 200
[debug] [2025-11-06T03:09:28.406Z] <<< [apiv2][body] GET https://firebaserules.googleapis.com/v1/projects/mysmartroute-26a64/releases {"releases":[{"name":"projects/mysmartroute-26a64/releases/cloud.firestore","rulesetName":"projects/mysmartroute-26a64/rulesets/5e47aa73-0c65-4a38-81c6-92630f29f715","createTime":"2025-05-25T14:05:25.278817Z","updateTime":"2025-09-03T06:10:33.164349Z"}]}
[debug] [2025-11-06T03:09:28.406Z] Checked if tokens are valid: true, expires at: 1762401882091
[debug] [2025-11-06T03:09:28.406Z] Checked if tokens are valid: true, expires at: 1762401882091
[debug] [2025-11-06T03:09:28.406Z] >>> [apiv2][query] GET https://firebaserules.googleapis.com/v1/projects/mysmartroute-26a64/rulesets/5e47aa73-0c65-4a38-81c6-92630f29f715 [none]
[debug] [2025-11-06T03:09:29.133Z] <<< [apiv2][status] GET https://firebaserules.googleapis.com/v1/projects/mysmartroute-26a64/rulesets/5e47aa73-0c65-4a38-81c6-92630f29f715 200
[debug] [2025-11-06T03:09:29.133Z] <<< [apiv2][body] GET https://firebaserules.googleapis.com/v1/projects/mysmartroute-26a64/rulesets/5e47aa73-0c65-4a38-81c6-92630f29f715 [omitted]
[info] i  Downloaded the existing Firestore Security Rules from the Firebase console 
[info] 
[info] Firestore indexes allow you to perform complex queries while
[info] maintaining performance that scales with the size of the result
[info] set. You can keep index definitions in your project directory
[info] and publish them with firebase deploy.
[info] 
[debug] [2025-11-06T03:32:10.924Z] Checked if tokens are valid: true, expires at: 1762401882091
[debug] [2025-11-06T03:32:10.924Z] Checked if tokens are valid: true, expires at: 1762401882091
[debug] [2025-11-06T03:32:10.924Z] Checked if tokens are valid: true, expires at: 1762401882091
[debug] [2025-11-06T03:32:10.924Z] Checked if tokens are valid: true, expires at: 1762401882091
[debug] [2025-11-06T03:32:10.924Z] >>> [apiv2][query] GET https://firestore.googleapis.com/v1/projects/mysmartroute-26a64/databases/(default)/collectionGroups/-/indexes [none]
[debug] [2025-11-06T03:32:10.925Z] >>> [apiv2][query] GET https://firestore.googleapis.com/v1/projects/mysmartroute-26a64/databases/(default)/collectionGroups/-/fields?filter=indexConfig.usesAncestorConfig=false OR ttlConfig:* [none]
[debug] [2025-11-06T03:32:11.627Z] <<< [apiv2][status] GET https://firestore.googleapis.com/v1/projects/mysmartroute-26a64/databases/(default)/collectionGroups/-/indexes 200
[debug] [2025-11-06T03:32:11.627Z] <<< [apiv2][body] GET https://firestore.googleapis.com/v1/projects/mysmartroute-26a64/databases/(default)/collectionGroups/-/indexes {}
[debug] [2025-11-06T03:32:11.627Z] <<< [apiv2][status] GET https://firestore.googleapis.com/v1/projects/mysmartroute-26a64/databases/(default)/collectionGroups/-/fields?filter=indexConfig.usesAncestorConfig=false OR ttlConfig:* 200
[debug] [2025-11-06T03:32:11.627Z] <<< [apiv2][body] GET https://firestore.googleapis.com/v1/projects/mysmartroute-26a64/databases/(default)/collectionGroups/-/fields?filter=indexConfig.usesAncestorConfig=false OR ttlConfig:* {"fields":[{"name":"projects/mysmartroute-26a64/databases/(default)/collectionGroups/__default__/fields/*","indexConfig":{"indexes":[{"queryScope":"COLLECTION","fields":[{"fieldPath":"*","order":"ASCENDING"}],"state":"READY"},{"queryScope":"COLLECTION","fields":[{"fieldPath":"*","order":"DESCENDING"}],"state":"READY"},{"queryScope":"COLLECTION","fields":[{"fieldPath":"*","arrayConfig":"CONTAINS"}],"state":"READY"}]}}]}
[info] i  Downloaded the existing Firestore indexes from the Firebase console 
[info] ✔  Wrote firestore.rules 
[info] ✔  Wrote firestore.indexes.json 
[info] 
=== Genkit Setup
